[  2%] Built target aruco_msgs__cpp
[ 12%] Built target aruco_msgs__rosidl_generator_c
failed to create symbolic link '/home/wenhao/uf_custom_ws/build/aruco_msgs/ament_cmake_python/aruco_msgs/aruco_msgs' because existing path cannot be removed: Is a directory
gmake[2]: *** [CMakeFiles/ament_cmake_python_symlink_aruco_msgs.dir/build.make:70: CMakeFiles/ament_cmake_python_symlink_aruco_msgs] Error 1
gmake[1]: *** [CMakeFiles/Makefile2:421: CMakeFiles/ament_cmake_python_symlink_aruco_msgs.dir/all] Error 2
gmake[1]: *** Waiting for unfinished jobs....
[35m[1mConsolidate compiler generated dependencies of target aruco_msgs__rosidl_typesupport_fastrtps_c[0m
[35m[1mConsolidate compiler generated dependencies of target aruco_msgs__rosidl_typesupport_introspection_c[0m
[ 23%] Built target aruco_msgs__rosidl_typesupport_introspection_cpp
[ 33%] Built target aruco_msgs__rosidl_typesupport_fastrtps_c
[ 43%] Built target aruco_msgs__rosidl_typesupport_introspection_c
[ 53%] Built target aruco_msgs__rosidl_typesupport_fastrtps_cpp
[ 64%] Built target aruco_msgs__rosidl_typesupport_cpp
gmake: *** [Makefile:146: all] Error 2
