[0.018s] Invoking command in '/home/wenhao/uf_custom_ws/build/mtc_tutorial': AMENT_PREFIX_PATH=/home/wenhao/uf_custom_ws/install/moveit_task_constructor_core:/home/wenhao/uf_custom_ws/install/rviz_marker_tools:/home/wenhao/uf_custom_ws/install/moveit_task_constructor_msgs:${AMENT_PREFIX_PATH} CMAKE_MODULE_PATH=/home/wenhao/uf_custom_ws/install/moveit_task_constructor_core/share/moveit_task_constructor_core/cmake CMAKE_PREFIX_PATH=/home/wenhao/uf_custom_ws/install/moveit_task_constructor_core:/home/wenhao/uf_custom_ws/install/rviz_marker_tools:/home/wenhao/uf_custom_ws/install/moveit_task_constructor_msgs:/opt/ros/humble LD_LIBRARY_PATH=/home/wenhao/uf_custom_ws/install/moveit_task_constructor_core/lib:/home/wenhao/uf_custom_ws/install/rviz_marker_tools/lib:/home/wenhao/uf_custom_ws/install/moveit_task_constructor_msgs/lib:/usr/lib/x86_64-linux-gnu/gazebo-11/plugins:/opt/ros/humble/opt/rviz_ogre_vendor/lib:/opt/ros/humble/lib/x86_64-linux-gnu:/opt/ros/humble/lib:/tmp/.mount_CursorE67iuI/usr/lib/:/tmp/.mount_CursorE67iuI/usr/lib32/:/tmp/.mount_CursorE67iuI/usr/lib64/:/tmp/.mount_CursorE67iuI/lib/:/tmp/.mount_CursorE67iuI/lib/i386-linux-gnu/:/tmp/.mount_CursorE67iuI/lib/x86_64-linux-gnu/:/tmp/.mount_CursorE67iuI/lib/aarch64-linux-gnu/:/tmp/.mount_CursorE67iuI/lib32/:/tmp/.mount_CursorE67iuI/lib64/ PYTHONPATH=/home/wenhao/uf_custom_ws/install/moveit_task_constructor_core/local/lib/python3.10/dist-packages:/home/wenhao/uf_custom_ws/install/moveit_task_constructor_msgs/local/lib/python3.10/dist-packages:${PYTHONPATH} /usr/bin/cmake --build /home/wenhao/uf_custom_ws/build/mtc_tutorial -- -j32 -l32
[0.100s] [ 50%] Built target mtc_tutorial
[0.101s] [ 75%] Building CXX object CMakeFiles/execute_pour_server.dir/src/execute_pour_server.cpp.o
[1.196s] /home/wenhao/uf_custom_ws/src/mtc_tutorial/src/execute_pour_server.cpp:20:10: fatal error: rclcpp/sync_parameters_client.hpp: No such file or directory
[1.197s]    20 | #include <rclcpp/sync_parameters_client.hpp>
[1.197s]       |          ^~~~~~~~~~~~~~~~~~~~~~~~~~~~~~~~~~~
[1.197s] compilation terminated.
[1.203s] gmake[2]: *** [CMakeFiles/execute_pour_server.dir/build.make:76: CMakeFiles/execute_pour_server.dir/src/execute_pour_server.cpp.o] Error 1
[1.204s] gmake[1]: *** [CMakeFiles/Makefile2:165: CMakeFiles/execute_pour_server.dir/all] Error 2
[1.204s] gmake: *** [Makefile:146: all] Error 2
[1.208s] Invoked command in '/home/wenhao/uf_custom_ws/build/mtc_tutorial' returned '2': AMENT_PREFIX_PATH=/home/wenhao/uf_custom_ws/install/moveit_task_constructor_core:/home/wenhao/uf_custom_ws/install/rviz_marker_tools:/home/wenhao/uf_custom_ws/install/moveit_task_constructor_msgs:${AMENT_PREFIX_PATH} CMAKE_MODULE_PATH=/home/wenhao/uf_custom_ws/install/moveit_task_constructor_core/share/moveit_task_constructor_core/cmake CMAKE_PREFIX_PATH=/home/wenhao/uf_custom_ws/install/moveit_task_constructor_core:/home/wenhao/uf_custom_ws/install/rviz_marker_tools:/home/wenhao/uf_custom_ws/install/moveit_task_constructor_msgs:/opt/ros/humble LD_LIBRARY_PATH=/home/wenhao/uf_custom_ws/install/moveit_task_constructor_core/lib:/home/wenhao/uf_custom_ws/install/rviz_marker_tools/lib:/home/wenhao/uf_custom_ws/install/moveit_task_constructor_msgs/lib:/usr/lib/x86_64-linux-gnu/gazebo-11/plugins:/opt/ros/humble/opt/rviz_ogre_vendor/lib:/opt/ros/humble/lib/x86_64-linux-gnu:/opt/ros/humble/lib:/tmp/.mount_CursorE67iuI/usr/lib/:/tmp/.mount_CursorE67iuI/usr/lib32/:/tmp/.mount_CursorE67iuI/usr/lib64/:/tmp/.mount_CursorE67iuI/lib/:/tmp/.mount_CursorE67iuI/lib/i386-linux-gnu/:/tmp/.mount_CursorE67iuI/lib/x86_64-linux-gnu/:/tmp/.mount_CursorE67iuI/lib/aarch64-linux-gnu/:/tmp/.mount_CursorE67iuI/lib32/:/tmp/.mount_CursorE67iuI/lib64/ PYTHONPATH=/home/wenhao/uf_custom_ws/install/moveit_task_constructor_core/local/lib/python3.10/dist-packages:/home/wenhao/uf_custom_ws/install/moveit_task_constructor_msgs/local/lib/python3.10/dist-packages:${PYTHONPATH} /usr/bin/cmake --build /home/wenhao/uf_custom_ws/build/mtc_tutorial -- -j32 -l32
